TN:
SF:src/components/ui/Button.tsx
FN:27,Button
FNF:1
FNH:1
FNDA:6,Button
DA:1,1
DA:2,1
DA:13,1
DA:21,1
DA:27,1
DA:39,6
LF:6
LH:6
BRDA:29,0,0,4
BRDA:30,1,0,6
BRDA:31,2,0,5
BRDA:49,3,0,6
BRDA:49,3,1,6
BRDA:52,4,0,6
BRDA:52,4,1,1
BRDA:53,5,0,6
BRDA:53,5,1,5
BRDA:53,5,2,4
BRDA:53,5,3,1
BRDA:53,6,0,1
BRDA:53,6,1,0
BRDA:55,7,0,6
BRDA:55,7,1,5
BRDA:55,7,2,0
BRF:16
BRH:14
end_of_record
TN:
SF:src/components/ui/Input.tsx
FN:12,(anonymous_0)
FNF:1
FNH:1
FNDA:8,(anonymous_0)
DA:1,1
DA:2,1
DA:11,1
DA:13,8
DA:56,1
DA:58,1
LF:6
LH:6
BRDA:15,0,0,8
BRDA:15,0,1,8
BRDA:21,1,0,8
BRDA:21,1,1,0
BRDA:35,2,0,8
BRDA:35,2,1,0
BRDA:36,3,0,8
BRDA:36,3,1,0
BRDA:37,4,0,8
BRDA:37,4,1,1
BRDA:42,5,0,8
BRDA:42,5,1,0
BRDA:48,6,0,8
BRDA:48,6,1,1
BRF:14
BRH:10
end_of_record
TN:
SF:src/components/ui/Modal.tsx
FN:21,Modal
FNF:1
FNH:1
FNDA:7,Modal
DA:1,1
DA:2,1
DA:3,1
DA:14,1
DA:21,1
DA:29,7
LF:6
LH:6
BRDA:26,0,0,5
BRDA:27,1,0,7
BRDA:31,2,0,7
BRDA:31,2,1,6
BRDA:56,3,0,6
BRDA:56,3,1,0
BRDA:56,3,2,6
BRDA:58,4,0,6
BRDA:58,4,1,6
BRDA:63,5,0,6
BRDA:63,5,1,6
BRF:11
BRH:10
end_of_record
TN:
SF:src/utils/helpers.ts
FN:9,cn
FN:16,formatMessageTime
FN:29,formatRelativeTime
FN:36,formatFullDateTime
FN:43,getAvatarPlaceholder
FN:68,getInitials
FN:80,truncateText
FN:88,highlightMentions
FN:90,(anonymous_8)
FN:102,generateId
FN:109,debounce
FN:114,(anonymous_11)
FN:116,(anonymous_12)
FN:123,throttle
FN:128,(anonymous_14)
FN:132,(anonymous_15)
FN:140,isMobileDevice
FN:147,copyToClipboard
FN:159,formatFileSize
FN:170,generateAvatarColor
FN:186,formatDate
FNF:21
FNH:16
FNDA:22,cn
FNDA:3,formatMessageTime
FNDA:1,formatRelativeTime
FNDA:1,formatFullDateTime
FNDA:0,getAvatarPlaceholder
FNDA:5,getInitials
FNDA:2,truncateText
FNDA:0,highlightMentions
FNDA:0,(anonymous_8)
FNDA:2,generateId
FNDA:1,debounce
FNDA:3,(anonymous_11)
FNDA:1,(anonymous_12)
FNDA:1,throttle
FNDA:4,(anonymous_14)
FNDA:1,(anonymous_15)
FNDA:0,isMobileDevice
FNDA:0,copyToClipboard
FNDA:5,formatFileSize
FNDA:4,generateAvatarColor
FNDA:1,formatDate
DA:1,4
DA:2,4
DA:3,4
DA:4,4
DA:9,4
DA:10,22
DA:16,4
DA:17,3
DA:18,1
DA:20,2
DA:21,1
DA:23,1
DA:29,4
DA:30,1
DA:36,4
DA:37,1
DA:43,4
DA:44,0
DA:61,0
DA:62,0
DA:68,4
DA:69,5
DA:70,4
DA:71,4
DA:72,2
DA:74,2
DA:80,4
DA:81,2
DA:82,1
DA:88,4
DA:89,0
DA:90,0
DA:91,0
DA:96,0
DA:102,4
DA:103,2
DA:109,4
DA:114,1
DA:115,3
DA:116,3
DA:123,4
DA:127,1
DA:128,1
DA:129,4
DA:130,2
DA:131,2
DA:132,2
DA:140,4
DA:141,0
DA:147,4
DA:148,0
DA:149,0
DA:150,0
DA:152,0
DA:159,4
DA:160,5
DA:161,4
DA:162,4
DA:163,4
DA:164,4
DA:170,4
DA:171,4
DA:176,4
DA:177,4
DA:178,24
DA:180,4
DA:186,4
DA:187,1
LF:68
LH:56
BRDA:17,0,0,1
BRDA:20,1,0,1
BRDA:69,2,0,1
BRDA:71,3,0,2
BRDA:81,4,0,1
BRDA:129,5,0,2
BRDA:160,6,0,1
BRF:7
BRH:7
end_of_record
